[2012-11-19 16:24:18] [info] ConvertPathToURI: SiteRoot=Q:/domains/fairmond.com/public, Path: Q:/domains/fairmond.com/public/files/foto-list-1.jpg -> URI: /files/foto-list-1.jpg
[2012-11-19 16:24:27] [info] ConvertPathToURI: SiteRoot=Q:/domains/fairmond.com/public, Path: Q:/domains/fairmond.com/public/files/pdf/AtriumMenu-EN.pdf -> URI: /files/pdf/AtriumMenu-EN.pdf
[2012-11-19 18:11:33] [info] ConvertPathToURI: SiteRoot=Q:/domains/fairmond.com/public, Path: Q:/domains/fairmond.com/public/files/events/mcith/mcith_Branch-small.jpg -> URI: /files/events/mcith/mcith_Branch-small.jpg
[2012-11-19 18:11:33] [info] ConvertPathToURI: SiteRoot=Q:/domains/fairmond.com/public, Path: Q:/domains/fairmond.com/public/files/events/Branch-small.jpg -> URI: /files/events/Branch-small.jpg
[2012-11-19 18:12:28] [info] ConvertPathToURI: SiteRoot=Q:/domains/fairmond.com/public, Path: Q:/domains/fairmond.com/public/files/events/mcith/mcith_Branch-small.jpg -> URI: /files/events/mcith/mcith_Branch-small.jpg
[2012-11-19 18:12:28] [info] ConvertPathToURI: SiteRoot=Q:/domains/fairmond.com/public, Path: Q:/domains/fairmond.com/public/files/events/Branch-small.jpg -> URI: /files/events/Branch-small.jpg
[2013-02-19 17:11:24] [info] ConvertPathToURI: SiteRoot=/home/u312/public_html/public, Path: /home/u312/public_html/public/attach/mcith/mcith_15122012_015214_4468.jpg -> URI: /attach/mcith/mcith_15122012_015214_4468.jpg
[2013-02-19 17:11:24] [info] ConvertPathToURI: SiteRoot=/home/u312/public_html/public, Path: /home/u312/public_html/public/attach/15122012_015214_4468.jpg -> URI: /attach/15122012_015214_4468.jpg
[2013-02-19 17:11:50] [info] ConvertPathToURI: SiteRoot=/home/u312/public_html/public, Path: /home/u312/public_html/public/attach/mcith/mcith_15122012_015223_1923.jpg -> URI: /attach/mcith/mcith_15122012_015223_1923.jpg
[2013-02-19 17:11:50] [info] ConvertPathToURI: SiteRoot=/home/u312/public_html/public, Path: /home/u312/public_html/public/attach/15122012_015223_1923.jpg -> URI: /attach/15122012_015223_1923.jpg
[2013-02-19 17:12:13] [info] ConvertPathToURI: SiteRoot=/home/u312/public_html/public, Path: /home/u312/public_html/public/attach/mcith/mcith_15122012_015228_7010.jpg -> URI: /attach/mcith/mcith_15122012_015228_7010.jpg
[2013-02-19 17:12:13] [info] ConvertPathToURI: SiteRoot=/home/u312/public_html/public, Path: /home/u312/public_html/public/attach/15122012_015228_7010.jpg -> URI: /attach/15122012_015228_7010.jpg
[2013-03-02 19:00:00] [info] ConvertPathToURI: SiteRoot=/home/u312/public_html/public, Path: /home/u312/public_html/public/attach/avatars/mcith/mcith_2013.03.01-17.52.57-1263.jpg -> URI: /attach/avatars/mcith/mcith_2013.03.01-17.52.57-1263.jpg
[2013-03-02 19:00:00] [info] ConvertPathToURI: SiteRoot=/home/u312/public_html/public, Path: /home/u312/public_html/public/attach/avatars/2013.03.01-17.52.57-1263.jpg -> URI: /attach/avatars/2013.03.01-17.52.57-1263.jpg
[2013-03-02 19:04:43] [info] ConvertPathToURI: SiteRoot=/home/u312/public_html/public, Path: /home/u312/public_html/public/attach/avatars/2013.03.01-17.52.57-1263.jpg -> URI: /attach/avatars/2013.03.01-17.52.57-1263.jpg
[2013-03-02 19:04:43] [info] ConvertPathToURI: SiteRoot=/home/u312/public_html/public, Path: /home/u312/public_html/public/attach/avatars/2013.03.01-17.52.57-1263.jpg -> URI: /attach/avatars/2013.03.01-17.52.57-1263.jpg
[2013-05-24 09:49:50] [info] ConvertPathToURI: SiteRoot=/var/www/u312/data/www/vip-girls.net/public, Path: /var/www/u312/data/www/vip-girls.net/public/attach/mcith/mcith_banners-create.png -> URI: /attach/mcith/mcith_banners-create.png
[2013-05-24 09:49:50] [info] ConvertPathToURI: SiteRoot=/var/www/u312/data/www/vip-girls.net/public, Path: /var/www/u312/data/www/vip-girls.net/public/attach/banners-create.png -> URI: /attach/banners-create.png
[2013-05-24 09:52:05] [info] ConvertPathToURI: SiteRoot=/var/www/u312/data/www/vip-girls.net/public, Path: /var/www/u312/data/www/vip-girls.net/public/attach/mcith/mcith_banner-create.png -> URI: /attach/mcith/mcith_banner-create.png
[2013-05-24 09:52:05] [info] ConvertPathToURI: SiteRoot=/var/www/u312/data/www/vip-girls.net/public, Path: /var/www/u312/data/www/vip-girls.net/public/attach/banner-create.png -> URI: /attach/banner-create.png
[2013-05-30 15:29:43] [info] ConvertPathToURI: SiteRoot=/var/www/u312/data/www/vip-girls.net/public, Path: /var/www/u312/data/www/vip-girls.net/public/attach/mcith/mcith_15122012_015228_7010.jpg -> URI: /attach/mcith/mcith_15122012_015228_7010.jpg
[2013-05-30 15:29:43] [info] ConvertPathToURI: SiteRoot=/var/www/u312/data/www/vip-girls.net/public, Path: /var/www/u312/data/www/vip-girls.net/public/attach/15122012_015228_7010.jpg -> URI: /attach/15122012_015228_7010.jpg
[2013-05-30 16:15:26] [info] ConvertPathToURI: SiteRoot=/var/www/u312/data/www/vip-girls.net/public, Path: /var/www/u312/data/www/vip-girls.net/public/attach/mcith/mcith_15122012_015228_7010.jpg -> URI: /attach/mcith/mcith_15122012_015228_7010.jpg
[2013-05-30 16:15:26] [info] ConvertPathToURI: SiteRoot=/var/www/u312/data/www/vip-girls.net/public, Path: /var/www/u312/data/www/vip-girls.net/public/attach/15122012_015228_7010.jpg -> URI: /attach/15122012_015228_7010.jpg
[2013-05-30 16:15:31] [info] ConvertPathToURI: SiteRoot=/var/www/u312/data/www/vip-girls.net/public, Path: /var/www/u312/data/www/vip-girls.net/public/attach/mcith/mcith_15122012_015214_4468.jpg -> URI: /attach/mcith/mcith_15122012_015214_4468.jpg
[2013-05-30 16:15:31] [info] ConvertPathToURI: SiteRoot=/var/www/u312/data/www/vip-girls.net/public, Path: /var/www/u312/data/www/vip-girls.net/public/attach/15122012_015214_4468.jpg -> URI: /attach/15122012_015214_4468.jpg
[2013-05-30 16:16:13] [info] ConvertPathToURI: SiteRoot=/var/www/u312/data/www/vip-girls.net/public, Path: /var/www/u312/data/www/vip-girls.net/public/attach/mcith/mcith_15122012_015223_1923.jpg -> URI: /attach/mcith/mcith_15122012_015223_1923.jpg
[2013-05-30 16:16:13] [info] ConvertPathToURI: SiteRoot=/var/www/u312/data/www/vip-girls.net/public, Path: /var/www/u312/data/www/vip-girls.net/public/attach/15122012_015223_1923.jpg -> URI: /attach/15122012_015223_1923.jpg
[2013-05-30 16:16:18] [info] ConvertPathToURI: SiteRoot=/var/www/u312/data/www/vip-girls.net/public, Path: /var/www/u312/data/www/vip-girls.net/public/attach/mcith/mcith_15122012_015228_7010.jpg -> URI: /attach/mcith/mcith_15122012_015228_7010.jpg
[2013-05-30 16:16:18] [info] ConvertPathToURI: SiteRoot=/var/www/u312/data/www/vip-girls.net/public, Path: /var/www/u312/data/www/vip-girls.net/public/attach/15122012_015228_7010.jpg -> URI: /attach/15122012_015228_7010.jpg
[2013-05-30 16:16:22] [info] ConvertPathToURI: SiteRoot=/var/www/u312/data/www/vip-girls.net/public, Path: /var/www/u312/data/www/vip-girls.net/public/attach/mcith/mcith_15122012_015223_1923.jpg -> URI: /attach/mcith/mcith_15122012_015223_1923.jpg
[2013-05-30 16:16:22] [info] ConvertPathToURI: SiteRoot=/var/www/u312/data/www/vip-girls.net/public, Path: /var/www/u312/data/www/vip-girls.net/public/attach/15122012_015223_1923.jpg -> URI: /attach/15122012_015223_1923.jpg
[2013-07-25 15:23:50] [info] ConvertPathToURI: SiteRoot=/var/www/u312/data/www/vip-girls.net/public, Path: /var/www/u312/data/www/vip-girls.net/public/attach/avatars/mcith/mcith_11.jpg -> URI: /attach/avatars/mcith/mcith_11.jpg
[2013-07-25 15:23:50] [info] ConvertPathToURI: SiteRoot=/var/www/u312/data/www/vip-girls.net/public, Path: /var/www/u312/data/www/vip-girls.net/public/attach/avatars/11.jpg -> URI: /attach/avatars/11.jpg
[2013-11-04 03:14:01] [warn] PHP Warning, Msg: imagecreatefromgif(): '/var/www/u312/data/www/vip-girls.net/public/attach/avatars/images_3162.gif' is not a valid GIF file in ()
[2013-11-04 03:14:01] [warn] PHP Warning, Msg: imagesx() expects parameter 1 to be resource, boolean given in ()
[2013-11-04 03:14:01] [warn] PHP Warning, Msg: imagesy() expects parameter 1 to be resource, boolean given in ()
[2013-11-04 03:14:01] [warn] PHP Warning, Msg: imagecopyresampled() expects parameter 2 to be resource, boolean given in ()
[2013-11-04 03:14:01] [warn] PHP Warning, Msg: imagedestroy() expects parameter 1 to be resource, boolean given in ()
[2013-11-04 03:14:06] [info] ConvertPathToURI: SiteRoot=/var/www/u312/data/www/vip-girls.net/public, Path: /var/www/u312/data/www/vip-girls.net/public/attach/avatars/mcith/mcith_images_3162.gif -> URI: /attach/avatars/mcith/mcith_images_3162.gif
[2013-11-04 03:14:06] [info] ConvertPathToURI: SiteRoot=/var/www/u312/data/www/vip-girls.net/public, Path: /var/www/u312/data/www/vip-girls.net/public/attach/avatars/images_3162.gif -> URI: /attach/avatars/images_3162.gif
[2013-11-04 03:14:16] [info] ConvertPathToURI: SiteRoot=/var/www/u312/data/www/vip-girls.net/public, Path: /var/www/u312/data/www/vip-girls.net/public/attach/avatars/mcith/mcith_images_3162.gif -> URI: /attach/avatars/mcith/mcith_images_3162.gif
[2013-11-04 03:14:16] [info] ConvertPathToURI: SiteRoot=/var/www/u312/data/www/vip-girls.net/public, Path: /var/www/u312/data/www/vip-girls.net/public/attach/avatars/images_3162.gif -> URI: /attach/avatars/images_3162.gif
[2013-11-04 03:15:17] [info] ConvertPathToURI: SiteRoot=/var/www/u312/data/www/vip-girls.net/public, Path: /var/www/u312/data/www/vip-girls.net/public/attach/avatars/mcith/mcith_images_3162.gif -> URI: /attach/avatars/mcith/mcith_images_3162.gif
[2013-11-04 03:15:17] [info] ConvertPathToURI: SiteRoot=/var/www/u312/data/www/vip-girls.net/public, Path: /var/www/u312/data/www/vip-girls.net/public/attach/avatars/images_3162.gif -> URI: /attach/avatars/images_3162.gif
[2014-02-24 15:32:39] [info] ConvertPathToURI: SiteRoot=/var/www/u312/data/www/vip-girls.net/public, Path: /var/www/u312/data/www/vip-girls.net/public/attach/avatars/mcith/mcith_images_3162.gif -> URI: /attach/avatars/mcith/mcith_images_3162.gif
[2014-02-24 15:32:39] [info] ConvertPathToURI: SiteRoot=/var/www/u312/data/www/vip-girls.net/public, Path: /var/www/u312/data/www/vip-girls.net/public/attach/avatars/images_3162.gif -> URI: /attach/avatars/images_3162.gif
[2014-03-24 10:12:32] [info] ConvertPathToURI: SiteRoot=/var/www/u312/data/www/vip-girls.net/public, Path: /var/www/u312/data/www/vip-girls.net/public/attach/avatars/mcith/mcith_images_3162.gif -> URI: /attach/avatars/mcith/mcith_images_3162.gif
[2014-03-24 10:12:32] [info] ConvertPathToURI: SiteRoot=/var/www/u312/data/www/vip-girls.net/public, Path: /var/www/u312/data/www/vip-girls.net/public/attach/avatars/images_3162.gif -> URI: /attach/avatars/images_3162.gif
[2014-05-05 00:21:14] [info] ConvertPathToURI: SiteRoot=/var/www/u312/data/www/vip-girls.net/public, Path: /var/www/u312/data/www/vip-girls.net/public/attach/avatars/mcith/mcith_images_3162.gif -> URI: /attach/avatars/mcith/mcith_images_3162.gif
[2014-05-05 00:21:14] [info] ConvertPathToURI: SiteRoot=/var/www/u312/data/www/vip-girls.net/public, Path: /var/www/u312/data/www/vip-girls.net/public/attach/avatars/images_3162.gif -> URI: /attach/avatars/images_3162.gif
[2014-08-26 17:06:15] [info] ConvertPathToURI: SiteRoot=/var/www/u312/data/www/vip-girls.net/public, Path: /var/www/u312/data/www/vip-girls.net/public/attach/avatars/mcith/mcith_images_3162.gif -> URI: /attach/avatars/mcith/mcith_images_3162.gif
[2014-08-26 17:06:15] [info] ConvertPathToURI: SiteRoot=/var/www/u312/data/www/vip-girls.net/public, Path: /var/www/u312/data/www/vip-girls.net/public/attach/avatars/images_3162.gif -> URI: /attach/avatars/images_3162.gif
[2014-08-26 17:12:05] [info] ConvertPathToURI: SiteRoot=/var/www/u312/data/www/vip-girls.net/public, Path: /var/www/u312/data/www/vip-girls.net/public/attach/avatars/mcith/mcith_images_3162.gif -> URI: /attach/avatars/mcith/mcith_images_3162.gif
[2014-08-26 17:12:05] [info] ConvertPathToURI: SiteRoot=/var/www/u312/data/www/vip-girls.net/public, Path: /var/www/u312/data/www/vip-girls.net/public/attach/avatars/images_3162.gif -> URI: /attach/avatars/images_3162.gif
[2014-09-30 11:42:22] [info] ConvertPathToURI: SiteRoot=/var/www/u312/data/www/vip-girls.net/public, Path: /var/www/u312/data/www/vip-girls.net/public/attach/avatars/mcith/mcith_images_3162.gif -> URI: /attach/avatars/mcith/mcith_images_3162.gif
[2014-09-30 11:42:22] [info] ConvertPathToURI: SiteRoot=/var/www/u312/data/www/vip-girls.net/public, Path: /var/www/u312/data/www/vip-girls.net/public/attach/avatars/images_3162.gif -> URI: /attach/avatars/images_3162.gif
[2015-01-09 15:14:58] [info] ConvertPathToURI: SiteRoot=/var/www/u312/data/www/vip-girls.net/public, Path: /var/www/u312/data/www/vip-girls.net/public/attach/banners/mcith/mcith_vip.gif -> URI: /attach/banners/mcith/mcith_vip.gif
[2015-01-09 15:14:58] [info] ConvertPathToURI: SiteRoot=/var/www/u312/data/www/vip-girls.net/public, Path: /var/www/u312/data/www/vip-girls.net/public/attach/banners/vip.gif -> URI: /attach/banners/vip.gif
[2015-01-20 20:41:03] [info] ConvertPathToURI: SiteRoot=/var/www/u312/data/www/vip-girls.net/public, Path: /var/www/u312/data/www/vip-girls.net/public/attach/banners/mcith/mcith_vip.gif -> URI: /attach/banners/mcith/mcith_vip.gif
[2015-01-20 20:41:03] [info] ConvertPathToURI: SiteRoot=/var/www/u312/data/www/vip-girls.net/public, Path: /var/www/u312/data/www/vip-girls.net/public/attach/banners/vip.gif -> URI: /attach/banners/vip.gif
[2015-03-02 13:15:04] [info] ConvertPathToURI: SiteRoot=/var/www/u312/data/www/vip-girls.net/public, Path: /var/www/u312/data/www/vip-girls.net/public/attach/mcith/mcith_hjhjhj.jpg -> URI: /attach/mcith/mcith_hjhjhj.jpg
[2015-03-02 13:15:04] [info] ConvertPathToURI: SiteRoot=/var/www/u312/data/www/vip-girls.net/public, Path: /var/www/u312/data/www/vip-girls.net/public/attach/hjhjhj.jpg -> URI: /attach/hjhjhj.jpg
[2015-03-02 13:25:26] [info] ConvertPathToURI: SiteRoot=/var/www/u312/data/www/vip-girls.net/public, Path: /var/www/u312/data/www/vip-girls.net/public/attach/mcith/mcith_hjhjhj.jpg -> URI: /attach/mcith/mcith_hjhjhj.jpg
[2015-03-02 13:25:26] [info] ConvertPathToURI: SiteRoot=/var/www/u312/data/www/vip-girls.net/public, Path: /var/www/u312/data/www/vip-girls.net/public/attach/hjhjhj.jpg -> URI: /attach/hjhjhj.jpg
[2015-03-02 13:37:55] [info] ConvertPathToURI: SiteRoot=/var/www/u312/data/www/vip-girls.net/public, Path: /var/www/u312/data/www/vip-girls.net/public/attach/mcith/mcith_fototo.jpg -> URI: /attach/mcith/mcith_fototo.jpg
[2015-03-02 13:37:55] [info] ConvertPathToURI: SiteRoot=/var/www/u312/data/www/vip-girls.net/public, Path: /var/www/u312/data/www/vip-girls.net/public/attach/fototo.jpg -> URI: /attach/fototo.jpg
[2015-03-02 13:45:41] [info] ConvertPathToURI: SiteRoot=/var/www/u312/data/www/vip-girls.net/public, Path: /var/www/u312/data/www/vip-girls.net/public/attach/mcith/mcith_hjhjhj.jpg -> URI: /attach/mcith/mcith_hjhjhj.jpg
[2015-03-02 13:45:41] [info] ConvertPathToURI: SiteRoot=/var/www/u312/data/www/vip-girls.net/public, Path: /var/www/u312/data/www/vip-girls.net/public/attach/hjhjhj.jpg -> URI: /attach/hjhjhj.jpg
[2015-03-24 10:51:48] [info] ConvertPathToURI: SiteRoot=/var/www/u312/data/www/vip-girls.net/public, Path: /var/www/u312/data/www/vip-girls.net/public/attach/mcith/mcith_gzdhzd.jpg -> URI: /attach/mcith/mcith_gzdhzd.jpg
[2015-03-24 10:51:48] [info] ConvertPathToURI: SiteRoot=/var/www/u312/data/www/vip-girls.net/public, Path: /var/www/u312/data/www/vip-girls.net/public/attach/gzdhzd.jpg -> URI: /attach/gzdhzd.jpg
[2015-03-24 10:52:57] [info] ConvertPathToURI: SiteRoot=/var/www/u312/data/www/vip-girls.net/public, Path: /var/www/u312/data/www/vip-girls.net/public/attach/mcith/mcith_gzdhzd.jpg -> URI: /attach/mcith/mcith_gzdhzd.jpg
[2015-03-24 10:52:57] [info] ConvertPathToURI: SiteRoot=/var/www/u312/data/www/vip-girls.net/public, Path: /var/www/u312/data/www/vip-girls.net/public/attach/gzdhzd.jpg -> URI: /attach/gzdhzd.jpg
[2015-04-19 17:12:43] [warn] PHP Warning, Msg: date(): It is not safe to rely on the system's timezone settings. You are *required* to use the date.timezone setting or the date_default_timezone_set() function. In case you used any of those methods and you are still getting this warning, you most likely misspelled the timezone identifier. We selected the timezone 'UTC' for now, but please set date.timezone to select your timezone. in ()
[2015-04-19 17:12:43] [warn] PHP Warning, Msg: date(): It is not safe to rely on the system's timezone settings. You are *required* to use the date.timezone setting or the date_default_timezone_set() function. In case you used any of those methods and you are still getting this warning, you most likely misspelled the timezone identifier. We selected the timezone 'UTC' for now, but please set date.timezone to select your timezone. in ()
[2015-04-19 17:12:43] [warn] PHP Warning, Msg: date(): It is not safe to rely on the system's timezone settings. You are *required* to use the date.timezone setting or the date_default_timezone_set() function. In case you used any of those methods and you are still getting this warning, you most likely misspelled the timezone identifier. We selected the timezone 'UTC' for now, but please set date.timezone to select your timezone. in ()
[2015-04-19 17:12:43] [warn] PHP Warning, Msg: Cannot modify header information - headers already sent by (output started at /Volumes/1083/Users/admin/Documents/sites/sogroop.ru/public/admin/tinymce/plugins/imagemanager/classes/Utils/Logger.class.php:219) in ()
[2015-04-19 17:13:57] [warn] PHP Warning, Msg: date(): It is not safe to rely on the system's timezone settings. You are *required* to use the date.timezone setting or the date_default_timezone_set() function. In case you used any of those methods and you are still getting this warning, you most likely misspelled the timezone identifier. We selected the timezone 'UTC' for now, but please set date.timezone to select your timezone. in ()
[2015-04-19 17:13:57] [warn] PHP Warning, Msg: date(): It is not safe to rely on the system's timezone settings. You are *required* to use the date.timezone setting or the date_default_timezone_set() function. In case you used any of those methods and you are still getting this warning, you most likely misspelled the timezone identifier. We selected the timezone 'UTC' for now, but please set date.timezone to select your timezone. in ()
[2015-04-19 17:13:57] [warn] PHP Warning, Msg: date(): It is not safe to rely on the system's timezone settings. You are *required* to use the date.timezone setting or the date_default_timezone_set() function. In case you used any of those methods and you are still getting this warning, you most likely misspelled the timezone identifier. We selected the timezone 'UTC' for now, but please set date.timezone to select your timezone. in ()
[2015-04-19 17:13:57] [warn] PHP Warning, Msg: Cannot modify header information - headers already sent by (output started at /Volumes/1083/Users/admin/Documents/sites/sogroop.ru/public/admin/tinymce/plugins/imagemanager/classes/Utils/Logger.class.php:219) in ()
[2015-04-19 17:14:26] [warn] PHP Warning, Msg: date(): It is not safe to rely on the system's timezone settings. You are *required* to use the date.timezone setting or the date_default_timezone_set() function. In case you used any of those methods and you are still getting this warning, you most likely misspelled the timezone identifier. We selected the timezone 'UTC' for now, but please set date.timezone to select your timezone. in ()
[2015-04-19 17:14:26] [warn] PHP Warning, Msg: date(): It is not safe to rely on the system's timezone settings. You are *required* to use the date.timezone setting or the date_default_timezone_set() function. In case you used any of those methods and you are still getting this warning, you most likely misspelled the timezone identifier. We selected the timezone 'UTC' for now, but please set date.timezone to select your timezone. in ()
[2015-04-19 17:14:26] [warn] PHP Warning, Msg: date(): It is not safe to rely on the system's timezone settings. You are *required* to use the date.timezone setting or the date_default_timezone_set() function. In case you used any of those methods and you are still getting this warning, you most likely misspelled the timezone identifier. We selected the timezone 'UTC' for now, but please set date.timezone to select your timezone. in ()
[2015-04-19 17:14:26] [warn] PHP Warning, Msg: Cannot modify header information - headers already sent by (output started at /Volumes/1083/Users/admin/Documents/sites/sogroop.ru/public/admin/tinymce/plugins/imagemanager/classes/Utils/Logger.class.php:219) in ()
[2015-04-19 17:14:47] [warn] PHP Warning, Msg: date(): It is not safe to rely on the system's timezone settings. You are *required* to use the date.timezone setting or the date_default_timezone_set() function. In case you used any of those methods and you are still getting this warning, you most likely misspelled the timezone identifier. We selected the timezone 'UTC' for now, but please set date.timezone to select your timezone. in ()
[2015-04-19 17:14:47] [warn] PHP Warning, Msg: date(): It is not safe to rely on the system's timezone settings. You are *required* to use the date.timezone setting or the date_default_timezone_set() function. In case you used any of those methods and you are still getting this warning, you most likely misspelled the timezone identifier. We selected the timezone 'UTC' for now, but please set date.timezone to select your timezone. in ()
[2015-04-19 17:14:47] [warn] PHP Warning, Msg: date(): It is not safe to rely on the system's timezone settings. You are *required* to use the date.timezone setting or the date_default_timezone_set() function. In case you used any of those methods and you are still getting this warning, you most likely misspelled the timezone identifier. We selected the timezone 'UTC' for now, but please set date.timezone to select your timezone. in ()
[2015-04-19 17:14:47] [warn] PHP Warning, Msg: Cannot modify header information - headers already sent by (output started at /Volumes/1083/Users/admin/Documents/sites/sogroop.ru/public/admin/tinymce/plugins/imagemanager/classes/Utils/Logger.class.php:219) in ()
